2023-10-06 08:37:03,791 [INFO] Activator:177 - 


2023-10-06 08:37:03,791 [INFO] Activator:178 - !SESSION log4j initialized
2023-10-06 08:37:07,700 [INFO] McuFinderGlobals:39 - Set McuFinder mode to 2 (CubeIDE integrated)
2023-10-06 08:37:08,251 [INFO] ApplicationProperties:181 - Using Application install path: C:\ST\STM32CubeIDE_1.7.0\STM32CubeIDE\plugins\com.st.stm32cube.common.mx_6.3.0.202107141111
2023-10-06 08:37:08,256 [INFO] DbMcusXml:74 - Set database path to: C:\ST\STM32CubeIDE_1.7.0\STM32CubeIDE\plugins\com.st.stm32cube.common.mx_6.3.0.202107141111\\db\/mcu/
2023-10-06 08:37:08,261 [INFO] DbBoardsPdsc:56 - Set plugin database path to: C:\ST\STM32CubeIDE_1.7.0\STM32CubeIDE\plugins\com.st.stm32cube.common.mx_6.3.0.202107141111\\db\/plugins/boardmanager/
2023-10-06 08:37:08,261 [INFO] DbMcus:258 - Set plugin images path to: C:\ST\STM32CubeIDE_1.7.0\STM32CubeIDE\plugins\com.st.stm32cube.common.mx_6.3.0.202107141111\\db\/plugins/mcufinder/images/
2023-10-06 08:37:08,261 [INFO] DbBoards:264 - Set plugin images path to: C:\ST\STM32CubeIDE_1.7.0\STM32CubeIDE\plugins\com.st.stm32cube.common.mx_6.3.0.202107141111\\db\/plugins/mcufinder/images/
2023-10-06 08:37:08,261 [INFO] DbExamples:333 - Set plugin images path to: C:\ST\STM32CubeIDE_1.7.0\STM32CubeIDE\plugins\com.st.stm32cube.common.mx_6.3.0.202107141111\\db\/plugins/mcufinder/images/
2023-10-06 08:37:08,271 [INFO] DbMcusAds:119 - Set database path to: C:\Users\ADMIN\.stmcufinder\plugins\mcufinder//mcu/
2023-10-06 08:37:08,271 [INFO] DbMcusDocs:110 - Set database path to: C:\Users\ADMIN\.stmcufinder\plugins\mcufinder//mcu/
2023-10-06 08:37:08,271 [INFO] DbMcusJson:64 - Set database path to: C:\Users\ADMIN\.stmcufinder\plugins\mcufinder//mcu/
2023-10-06 08:37:08,271 [INFO] DbBoardsDocs:110 - Set database path to: C:\Users\ADMIN\.stmcufinder\plugins\mcufinder//mcu/
2023-10-06 08:37:08,271 [INFO] DbBoardsJson:57 - Set database path to: C:\Users\ADMIN\.stmcufinder\plugins\mcufinder//mcu/
2023-10-06 08:37:08,276 [INFO] CrossReferenceDbSqlite:196 - Set database path to: C:\Users\ADMIN\.stmcufinder\plugins\mcufinder//mcu/cs/
2023-10-06 08:37:08,276 [INFO] DbExamplesSqlite:767 - Set database path to: C:\Users\ADMIN\.stmcufinder\plugins\mcufinder//mcu/
2023-10-06 08:37:08,341 [INFO] RulesReader:57 - Compatibility file has been processed (242 Rules)
2023-10-06 08:37:08,411 [INFO] DbMcusXml:74 - Set database path to: C:\ST\STM32CubeIDE_1.7.0\STM32CubeIDE\plugins\com.st.stm32cube.common.mx_6.3.0.202107141111\\db\/mcu/
2023-10-06 08:37:08,411 [INFO] DbBoardsPdsc:56 - Set plugin database path to: C:\ST\STM32CubeIDE_1.7.0\STM32CubeIDE\plugins\com.st.stm32cube.common.mx_6.3.0.202107141111\\db\/plugins/boardmanager/
2023-10-06 08:37:08,411 [INFO] DbMcus:258 - Set plugin images path to: C:\ST\STM32CubeIDE_1.7.0\STM32CubeIDE\plugins\com.st.stm32cube.common.mx_6.3.0.202107141111\\db\/plugins/mcufinder/images/
2023-10-06 08:37:08,411 [INFO] DbBoards:264 - Set plugin images path to: C:\ST\STM32CubeIDE_1.7.0\STM32CubeIDE\plugins\com.st.stm32cube.common.mx_6.3.0.202107141111\\db\/plugins/mcufinder/images/
2023-10-06 08:37:08,411 [INFO] DbExamples:333 - Set plugin images path to: C:\ST\STM32CubeIDE_1.7.0\STM32CubeIDE\plugins\com.st.stm32cube.common.mx_6.3.0.202107141111\\db\/plugins/mcufinder/images/
2023-10-06 08:37:08,411 [WARN] DbFile:35 - Overriding database path with different value: C:\Users\ADMIN\.stmcufinder\plugins\mcufinder/ => C:\Users\ADMIN\.stmcufinder\plugins\mcufinder
2023-10-06 08:37:08,411 [INFO] DbMcusAds:119 - Set database path to: C:\Users\ADMIN\.stmcufinder\plugins\mcufinder//mcu/
2023-10-06 08:37:08,411 [WARN] DbFile:35 - Overriding database path with different value: C:\Users\ADMIN\.stmcufinder\plugins\mcufinder/ => C:\Users\ADMIN\.stmcufinder\plugins\mcufinder
2023-10-06 08:37:08,411 [INFO] DbMcusDocs:110 - Set database path to: C:\Users\ADMIN\.stmcufinder\plugins\mcufinder//mcu/
2023-10-06 08:37:08,411 [WARN] DbFile:35 - Overriding database path with different value: C:\Users\ADMIN\.stmcufinder\plugins\mcufinder/ => C:\Users\ADMIN\.stmcufinder\plugins\mcufinder
2023-10-06 08:37:08,411 [INFO] DbMcusJson:64 - Set database path to: C:\Users\ADMIN\.stmcufinder\plugins\mcufinder//mcu/
2023-10-06 08:37:08,411 [WARN] DbFile:35 - Overriding database path with different value: C:\Users\ADMIN\.stmcufinder\plugins\mcufinder/ => C:\Users\ADMIN\.stmcufinder\plugins\mcufinder
2023-10-06 08:37:08,411 [INFO] DbBoardsDocs:110 - Set database path to: C:\Users\ADMIN\.stmcufinder\plugins\mcufinder//mcu/
2023-10-06 08:37:08,411 [WARN] DbFile:35 - Overriding database path with different value: C:\Users\ADMIN\.stmcufinder\plugins\mcufinder/ => C:\Users\ADMIN\.stmcufinder\plugins\mcufinder
2023-10-06 08:37:08,411 [INFO] DbBoardsJson:57 - Set database path to: C:\Users\ADMIN\.stmcufinder\plugins\mcufinder//mcu/
2023-10-06 08:37:08,411 [WARN] DbFile:35 - Overriding database path with different value: C:\Users\ADMIN\.stmcufinder\plugins\mcufinder/ => C:\Users\ADMIN\.stmcufinder\plugins\mcufinder
2023-10-06 08:37:08,411 [WARN] DbFile:35 - Overriding database path with different value: C:\Users\ADMIN\.stmcufinder\plugins\mcufinder/ => C:\Users\ADMIN\.stmcufinder\plugins\mcufinder
2023-10-06 08:37:08,411 [INFO] CrossReferenceDbSqlite:196 - Set database path to: C:\Users\ADMIN\.stmcufinder\plugins\mcufinder//mcu/cs/
2023-10-06 08:37:08,411 [WARN] DbFile:35 - Overriding database path with different value: C:\Users\ADMIN\.stmcufinder\plugins\mcufinder/ => C:\Users\ADMIN\.stmcufinder\plugins\mcufinder
2023-10-06 08:37:08,411 [INFO] DbExamplesSqlite:767 - Set database path to: C:\Users\ADMIN\.stmcufinder\plugins\mcufinder//mcu/
2023-10-06 08:37:08,461 [INFO] MainPanel:214 - HeapMemory: 268435456
2023-10-06 08:37:08,501 [INFO] DbMcusXml:74 - Set database path to: C:\ST\STM32CubeIDE_1.7.0\STM32CubeIDE\plugins\com.st.stm32cube.common.mx_6.3.0.202107141111\\db\/mcu/
2023-10-06 08:37:08,501 [INFO] DbBoardsPdsc:56 - Set plugin database path to: C:\ST\STM32CubeIDE_1.7.0\STM32CubeIDE\plugins\com.st.stm32cube.common.mx_6.3.0.202107141111\\db\/plugins/boardmanager/
2023-10-06 08:37:08,501 [INFO] DbMcus:258 - Set plugin images path to: C:\ST\STM32CubeIDE_1.7.0\STM32CubeIDE\plugins\com.st.stm32cube.common.mx_6.3.0.202107141111\\db\/plugins/mcufinder/images/
2023-10-06 08:37:08,501 [INFO] DbBoards:264 - Set plugin images path to: C:\ST\STM32CubeIDE_1.7.0\STM32CubeIDE\plugins\com.st.stm32cube.common.mx_6.3.0.202107141111\\db\/plugins/mcufinder/images/
2023-10-06 08:37:08,501 [INFO] DbExamples:333 - Set plugin images path to: C:\ST\STM32CubeIDE_1.7.0\STM32CubeIDE\plugins\com.st.stm32cube.common.mx_6.3.0.202107141111\\db\/plugins/mcufinder/images/
2023-10-06 08:37:08,504 [WARN] DbFile:35 - Overriding database path with different value: C:\Users\ADMIN\.stmcufinder\plugins\mcufinder/ => C:\Users\ADMIN\.stmcufinder\plugins\mcufinder
2023-10-06 08:37:08,504 [INFO] DbMcusAds:119 - Set database path to: C:\Users\ADMIN\.stmcufinder\plugins\mcufinder//mcu/
2023-10-06 08:37:08,504 [WARN] DbFile:35 - Overriding database path with different value: C:\Users\ADMIN\.stmcufinder\plugins\mcufinder/ => C:\Users\ADMIN\.stmcufinder\plugins\mcufinder
2023-10-06 08:37:08,504 [INFO] DbMcusDocs:110 - Set database path to: C:\Users\ADMIN\.stmcufinder\plugins\mcufinder//mcu/
2023-10-06 08:37:08,504 [WARN] DbFile:35 - Overriding database path with different value: C:\Users\ADMIN\.stmcufinder\plugins\mcufinder/ => C:\Users\ADMIN\.stmcufinder\plugins\mcufinder
2023-10-06 08:37:08,504 [INFO] DbMcusJson:64 - Set database path to: C:\Users\ADMIN\.stmcufinder\plugins\mcufinder//mcu/
2023-10-06 08:37:08,504 [WARN] DbFile:35 - Overriding database path with different value: C:\Users\ADMIN\.stmcufinder\plugins\mcufinder/ => C:\Users\ADMIN\.stmcufinder\plugins\mcufinder
2023-10-06 08:37:08,504 [INFO] DbBoardsDocs:110 - Set database path to: C:\Users\ADMIN\.stmcufinder\plugins\mcufinder//mcu/
2023-10-06 08:37:08,504 [WARN] DbFile:35 - Overriding database path with different value: C:\Users\ADMIN\.stmcufinder\plugins\mcufinder/ => C:\Users\ADMIN\.stmcufinder\plugins\mcufinder
2023-10-06 08:37:08,504 [INFO] DbBoardsJson:57 - Set database path to: C:\Users\ADMIN\.stmcufinder\plugins\mcufinder//mcu/
2023-10-06 08:37:08,504 [WARN] DbFile:35 - Overriding database path with different value: C:\Users\ADMIN\.stmcufinder\plugins\mcufinder/ => C:\Users\ADMIN\.stmcufinder\plugins\mcufinder
2023-10-06 08:37:08,504 [WARN] DbFile:35 - Overriding database path with different value: C:\Users\ADMIN\.stmcufinder\plugins\mcufinder/ => C:\Users\ADMIN\.stmcufinder\plugins\mcufinder
2023-10-06 08:37:08,504 [INFO] CrossReferenceDbSqlite:196 - Set database path to: C:\Users\ADMIN\.stmcufinder\plugins\mcufinder//mcu/cs/
2023-10-06 08:37:08,504 [WARN] DbFile:35 - Overriding database path with different value: C:\Users\ADMIN\.stmcufinder\plugins\mcufinder/ => C:\Users\ADMIN\.stmcufinder\plugins\mcufinder
2023-10-06 08:37:08,504 [INFO] DbExamplesSqlite:767 - Set database path to: C:\Users\ADMIN\.stmcufinder\plugins\mcufinder//mcu/
2023-10-06 08:37:08,516 [INFO] ApplicationProperties:181 - Using Application install path: C:\ST\STM32CubeIDE_1.7.0\STM32CubeIDE\plugins\com.st.stm32cube.common.mx_6.3.0.202107141111
2023-10-06 08:37:08,516 [INFO] PluginManage:188 - Search for loadable plugins [exclusion list=, ]
2023-10-06 08:37:08,516 [INFO] PluginManage:302 - Check plugin analytics
2023-10-06 08:37:08,621 [INFO] AnalyticsPlugin:257 - Accepted Software Licenses: 
2023-10-06 08:37:08,632 [INFO] AnalyticsPlugin:259 - Accepted CMSIS Pack Licenses: 
2023-10-06 08:37:08,632 [INFO] AnalyticsPlugin:261 - Accepted Firmware Licenses: 
2023-10-06 08:37:08,632 [INFO] PluginManage:352 - Loaded plugin analytics (category:tool,tabindex:-1)
2023-10-06 08:37:08,632 [INFO] PluginManage:302 - Check plugin clock
2023-10-06 08:37:08,648 [INFO] PluginManage:352 - Loaded plugin clock (category:base,tabindex:2)
2023-10-06 08:37:08,648 [INFO] PluginManage:302 - Check plugin ddr
2023-10-06 08:37:08,648 [INFO] PluginManage:352 - Loaded plugin ddr (category:tool,tabindex:6)
2023-10-06 08:37:08,648 [INFO] PluginManage:302 - Check plugin filemanager
2023-10-06 08:37:08,761 [INFO] PluginManage:352 - Loaded plugin filemanager (category:base,tabindex:10)
2023-10-06 08:37:08,761 [INFO] PluginManage:302 - Check plugin ipmanager
2023-10-06 08:37:08,775 [INFO] PluginManage:352 - Loaded plugin ipmanager (category:base,tabindex:5)
2023-10-06 08:37:08,775 [INFO] PluginManage:302 - Check plugin pinoutandconfiguration
2023-10-06 08:37:08,781 [INFO] PluginManage:352 - Loaded plugin pinoutandconfiguration (category:base,tabindex:1)
2023-10-06 08:37:08,781 [INFO] PluginManage:302 - Check plugin pinoutconfig
2023-10-06 08:37:08,807 [INFO] PluginManage:352 - Loaded plugin pinoutconfig (category:base,tabindex:0)
2023-10-06 08:37:08,807 [INFO] PluginManage:302 - Check plugin power
2023-10-06 08:37:08,816 [INFO] PluginManage:352 - Loaded plugin power (category:power,tabindex:4)
2023-10-06 08:37:08,816 [INFO] PluginManage:302 - Check plugin projectmanager
2023-10-06 08:37:08,831 [INFO] PluginManage:352 - Loaded plugin projectmanager (category:projectmanager,tabindex:3)
2023-10-06 08:37:08,831 [INFO] PluginManage:302 - Check plugin thirdparty
2023-10-06 08:37:08,931 [WARN] IntegrityCheckThread:78 - waiting for thirdparty lock release [integrity check]
2023-10-06 08:37:08,931 [INFO] IntegrityCheckThread:80 - entering critical section [integrity check]
2023-10-06 08:37:08,931 [INFO] PluginManage:352 - Loaded plugin thirdparty (category:base,tabindex:-1)
2023-10-06 08:37:08,931 [INFO] PluginManage:302 - Check plugin tools
2023-10-06 08:37:08,931 [INFO] ThirdPartyUpdaterWithRetryManager:66 - Updater plugin not ready yet. [1/15]
2023-10-06 08:37:08,934 [INFO] PluginManage:352 - Loaded plugin tools (category:base,tabindex:7)
2023-10-06 08:37:08,934 [INFO] PluginManage:302 - Check plugin tutovideos
2023-10-06 08:37:09,091 [INFO] PluginManage:352 - Loaded plugin tutovideos (category:base,tabindex:-1)
2023-10-06 08:37:09,091 [INFO] PluginManage:302 - Check plugin updater
2023-10-06 08:37:09,101 [INFO] PluginManage:352 - Loaded plugin updater (category:base,tabindex:12)
2023-10-06 08:37:09,101 [INFO] PluginManage:275 - PluginManage : Loaded plugins [13]
2023-10-06 08:37:09,236 [INFO] PinOutPanel:1463 - setPackage(No Configuration,No Configuration)
2023-10-06 08:37:09,311 [INFO] IPUIPlugin:74 - create IPUIPlugin
2023-10-06 08:37:09,311 [INFO] PluginManager:213 - loadIPPluginJar : add adc
2023-10-06 08:37:09,311 [INFO] IPUIPlugin:74 - create IPUIPlugin
2023-10-06 08:37:09,311 [INFO] PluginManager:213 - loadIPPluginJar : add aes
2023-10-06 08:37:09,321 [INFO] IPUIPlugin:74 - create IPUIPlugin
2023-10-06 08:37:09,321 [INFO] PluginManager:213 - loadIPPluginJar : add can
2023-10-06 08:37:09,321 [INFO] IPUIPlugin:74 - create IPUIPlugin
2023-10-06 08:37:09,321 [INFO] PluginManager:213 - loadIPPluginJar : add comp
2023-10-06 08:37:09,321 [INFO] IPUIPlugin:74 - create IPUIPlugin
2023-10-06 08:37:09,321 [INFO] PluginManager:213 - loadIPPluginJar : add cryp
2023-10-06 08:37:09,331 [INFO] IPUIPlugin:74 - create IPUIPlugin
2023-10-06 08:37:09,331 [INFO] PluginManager:213 - loadIPPluginJar : add dfsdm
2023-10-06 08:37:09,337 [INFO] IPUIPlugin:74 - create IPUIPlugin
2023-10-06 08:37:09,337 [INFO] PluginManager:213 - loadIPPluginJar : add dma
2023-10-06 08:37:09,341 [INFO] IPUIPlugin:74 - create IPUIPlugin
2023-10-06 08:37:09,341 [INFO] PluginManager:213 - loadIPPluginJar : add dma3
2023-10-06 08:37:09,341 [INFO] IPUIPlugin:74 - create IPUIPlugin
2023-10-06 08:37:09,341 [INFO] PluginManager:213 - loadIPPluginJar : add fatfs
2023-10-06 08:37:09,346 [INFO] IPUIPlugin:74 - create IPUIPlugin
2023-10-06 08:37:09,346 [INFO] PluginManager:213 - loadIPPluginJar : add fmc
2023-10-06 08:37:09,353 [INFO] IPUIPlugin:74 - create IPUIPlugin
2023-10-06 08:37:09,353 [INFO] PluginManager:213 - loadIPPluginJar : add freertos
2023-10-06 08:37:09,353 [INFO] IPUIPlugin:74 - create IPUIPlugin
2023-10-06 08:37:09,353 [INFO] PluginManager:213 - loadIPPluginJar : add genericplugin
2023-10-06 08:37:09,353 [INFO] IPUIPlugin:74 - create IPUIPlugin
2023-10-06 08:37:09,353 [INFO] PluginManager:213 - loadIPPluginJar : add gfxmmu
2023-10-06 08:37:09,361 [INFO] IPUIPlugin:74 - create IPUIPlugin
2023-10-06 08:37:09,361 [INFO] PluginManager:213 - loadIPPluginJar : add gic
2023-10-06 08:37:09,366 [INFO] IPUIPlugin:74 - create IPUIPlugin
2023-10-06 08:37:09,366 [INFO] PluginManager:213 - loadIPPluginJar : add gpio
2023-10-06 08:37:09,368 [INFO] IPUIPlugin:74 - create IPUIPlugin
2023-10-06 08:37:09,368 [INFO] PluginManager:213 - loadIPPluginJar : add gtzc
2023-10-06 08:37:09,371 [INFO] IPUIPlugin:74 - create IPUIPlugin
2023-10-06 08:37:09,371 [INFO] PluginManager:213 - loadIPPluginJar : add hash
2023-10-06 08:37:09,371 [INFO] IPUIPlugin:74 - create IPUIPlugin
2023-10-06 08:37:09,371 [INFO] PluginManager:213 - loadIPPluginJar : add i2c
2023-10-06 08:37:09,376 [INFO] IPUIPlugin:74 - create IPUIPlugin
2023-10-06 08:37:09,376 [INFO] PluginManager:213 - loadIPPluginJar : add i2s
2023-10-06 08:37:09,381 [INFO] IPUIPlugin:74 - create IPUIPlugin
2023-10-06 08:37:09,381 [INFO] PluginManager:213 - loadIPPluginJar : add ipddr
2023-10-06 08:37:09,384 [INFO] IPUIPlugin:74 - create IPUIPlugin
2023-10-06 08:37:09,384 [INFO] PluginManager:213 - loadIPPluginJar : add linkedlist
2023-10-06 08:37:09,390 [INFO] IPUIPlugin:74 - create IPUIPlugin
2023-10-06 08:37:09,390 [INFO] PluginManager:213 - loadIPPluginJar : add lorawan
2023-10-06 08:37:09,390 [INFO] IPUIPlugin:74 - create IPUIPlugin
2023-10-06 08:37:09,390 [INFO] PluginManager:213 - loadIPPluginJar : add ltdc
2023-10-06 08:37:09,400 [INFO] IPUIPlugin:74 - create IPUIPlugin
2023-10-06 08:37:09,400 [INFO] PluginManager:213 - loadIPPluginJar : add mdma
2023-10-06 08:37:09,401 [INFO] IPUIPlugin:74 - create IPUIPlugin
2023-10-06 08:37:09,401 [INFO] PluginManager:213 - loadIPPluginJar : add nvic
2023-10-06 08:37:09,406 [INFO] IPUIPlugin:74 - create IPUIPlugin
2023-10-06 08:37:09,406 [INFO] PluginManager:213 - loadIPPluginJar : add opamp
2023-10-06 08:37:09,411 [INFO] IPUIPlugin:74 - create IPUIPlugin
2023-10-06 08:37:09,411 [INFO] PluginManager:213 - loadIPPluginJar : add openamp
2023-10-06 08:37:09,411 [INFO] IPUIPlugin:74 - create IPUIPlugin
2023-10-06 08:37:09,411 [INFO] PluginManager:213 - loadIPPluginJar : add pdm2pcm
2023-10-06 08:37:09,421 [INFO] IPUIPlugin:74 - create IPUIPlugin
2023-10-06 08:37:09,426 [INFO] PluginManager:213 - loadIPPluginJar : add plateformsettings
2023-10-06 08:37:09,426 [INFO] IPUIPlugin:74 - create IPUIPlugin
2023-10-06 08:37:09,426 [INFO] PluginManager:213 - loadIPPluginJar : add quadspi
2023-10-06 08:37:09,431 [INFO] IPUIPlugin:74 - create IPUIPlugin
2023-10-06 08:37:09,431 [INFO] PluginManager:213 - loadIPPluginJar : add resmgrutility
2023-10-06 08:37:09,436 [INFO] IPUIPlugin:74 - create IPUIPlugin
2023-10-06 08:37:09,436 [INFO] PluginManager:213 - loadIPPluginJar : add sai
2023-10-06 08:37:09,436 [INFO] IPUIPlugin:74 - create IPUIPlugin
2023-10-06 08:37:09,436 [INFO] PluginManager:213 - loadIPPluginJar : add spi
2023-10-06 08:37:09,451 [INFO] IPUIPlugin:74 - create IPUIPlugin
2023-10-06 08:37:09,451 [INFO] PluginManager:213 - loadIPPluginJar : add stm32_wpan
2023-10-06 08:37:09,462 [INFO] IPUIPlugin:74 - create IPUIPlugin
2023-10-06 08:37:09,462 [INFO] PluginManager:213 - loadIPPluginJar : add tim
2023-10-06 08:37:09,462 [INFO] IPUIPlugin:74 - create IPUIPlugin
2023-10-06 08:37:09,462 [INFO] PluginManager:213 - loadIPPluginJar : add touchsensing
2023-10-06 08:37:09,462 [INFO] IPUIPlugin:74 - create IPUIPlugin
2023-10-06 08:37:09,462 [INFO] PluginManager:213 - loadIPPluginJar : add tracer_emb
2023-10-06 08:37:09,478 [INFO] IPUIPlugin:74 - create IPUIPlugin
2023-10-06 08:37:09,478 [INFO] PluginManager:213 - loadIPPluginJar : add ts
2023-10-06 08:37:09,481 [INFO] IPUIPlugin:74 - create IPUIPlugin
2023-10-06 08:37:09,481 [INFO] PluginManager:213 - loadIPPluginJar : add tsc
2023-10-06 08:37:09,486 [INFO] IPUIPlugin:74 - create IPUIPlugin
2023-10-06 08:37:09,486 [INFO] PluginManager:213 - loadIPPluginJar : add ucpd
2023-10-06 08:37:09,491 [INFO] IPUIPlugin:74 - create IPUIPlugin
2023-10-06 08:37:09,491 [INFO] PluginManager:213 - loadIPPluginJar : add usart
2023-10-06 08:37:09,494 [INFO] IPUIPlugin:74 - create IPUIPlugin
2023-10-06 08:37:09,494 [INFO] PluginManager:213 - loadIPPluginJar : add usbx
2023-10-06 08:37:09,731 [FATAL] Updater:294 - Updater called before beeing initialized
2023-10-06 08:37:09,806 [FATAL] Updater:294 - Updater called before beeing initialized
2023-10-06 08:37:09,806 [INFO] DbMcusAds:47 - JSON generation date=Tue Mar 07 15:50:55 ICT 2023 (1678179055114)
2023-10-06 08:37:09,806 [FATAL] Updater:294 - Updater called before beeing initialized
2023-10-06 08:37:09,837 [WARN] DetailPanel:314 - Failed to get advertising image, set to default
2023-10-06 08:37:09,911 [FATAL] Updater:294 - Updater called before beeing initialized
2023-10-06 08:37:09,911 [FATAL] Updater:294 - Updater called before beeing initialized
2023-10-06 08:37:09,911 [FATAL] Updater:294 - Updater called before beeing initialized
2023-10-06 08:37:09,911 [WARN] DetailPanel:314 - Failed to get advertising image, set to default
2023-10-06 08:37:09,911 [FATAL] Updater:294 - Updater called before beeing initialized
2023-10-06 08:37:09,949 [ERROR] Updater:1075 - MainUpdater not yet initialized. External WinMGr cannot be set.
2023-10-06 08:37:09,951 [INFO] Updater:1012 - Updater Version found : 6.3.0
2023-10-06 08:37:09,965 [INFO] ApplicationProperties:181 - Using Application install path: C:\ST\STM32CubeIDE_1.7.0\STM32CubeIDE\plugins\com.st.stm32cube.common.mx_6.3.0.202107141111
2023-10-06 08:37:10,155 [INFO] MainUpdater:2671 - connection check result : 10
2023-10-06 08:37:10,155 [INFO] MainUpdater:265 - Updater Check For Update Now.
2023-10-06 08:37:10,155 [INFO] MicroXplorer:478 - Change Database Version : DB.6.0.30
2023-10-06 08:37:10,296 [INFO] CheckServerUpdateThread:112 - End of CheckServer Thread
2023-10-06 08:37:10,371 [INFO] MainUpdater:2671 - connection check result : 10
2023-10-06 08:37:10,541 [INFO] McuFinderGlobals:52 - Set McuFinderConnectedMode to false
2023-10-06 08:37:10,611 [INFO] CrossSelectorPresenter:1330 - Cross Selector saved comparison directory: C:\Users\ADMIN\.stmcufinder\plugins\mcufinder\mcu\cs_comparisons_mx
2023-10-06 08:37:10,611 [INFO] MultiScanPanel:197 - Auto-refresh data requested => check proxy status ongoing
2023-10-06 08:37:10,611 [INFO] MultiScanPanel:201 - Proxy status is invalid
2023-10-06 08:37:10,617 [INFO] FinderPluginLoader:87 - Searching for filters in installed packs
2023-10-06 08:37:10,617 [INFO] DbMcusXml:100 - Load MCU database from C:\ST\STM32CubeIDE_1.7.0\STM32CubeIDE\plugins\com.st.stm32cube.common.mx_6.3.0.202107141111\\db\/mcu/families.xml
2023-10-06 08:37:11,186 [INFO] DbMcusJson:93 - JSON generation date=Tue Nov 16 23:17:54 ICT 2021 (1637079474)
2023-10-06 08:37:11,561 [INFO] DbMcus:175 - Found 1951 MCUs (1903 are supported by CubeMX, 1914 are visible in CubeMX)
2023-10-06 08:37:11,561 [INFO] ApiDb:251 - Load user favorites file C:\Users\ADMIN/.stm32cubeide/favorites.mcus.txt: 0 item(s)
2023-10-06 08:37:11,561 [INFO] ApiDb:255 - User favorites MCUs=[]
2023-10-06 08:37:11,561 [INFO] DbMcus:187 - Set 0 / 0 favorites MCUs
2023-10-06 08:37:11,921 [INFO] DetailPanel:309 - Set advertising image to C:/Users/ADMIN/STM32Cube/Repository/\en.prom-stm32h5-mcu-finder.jpg
2023-10-06 08:37:12,171 [ERROR] Engine:463 - C:\Users\ADMIN\.stm32cubemx\thirdparties\pdsc\STMicroelectronics.X-CUBE-SMBUS.2.1.0.pdsc: PDSC version is not supported
2023-10-06 08:37:12,221 [WARN] PackLoader:238 - Cannot read IP mode file for STMicroelectronics.X-CUBE-AZRTOS-F7.1.1.0
2023-10-06 08:37:12,221 [ERROR] Engine:463 - C:\Users\ADMIN\.stm32cubemx\thirdparties\pdsc\STMicroelectronics.FP-SNS-MOTENV1.4.3.2.pdsc: PDSC version is not supported
2023-10-06 08:37:12,226 [ERROR] Engine:463 - C:\Users\ADMIN\.stm32cubemx\thirdparties\pdsc\STMicroelectronics.FP-SNS-FLIGHT1.5.0.2.pdsc: PDSC version is not supported
2023-10-06 08:37:12,226 [ERROR] Engine:463 - C:\Users\ADMIN\.stm32cubemx\thirdparties\pdsc\STMicroelectronics.X-CUBE-DISPLAY.3.0.0.pdsc: PDSC version is not supported
2023-10-06 08:37:12,232 [WARN] PackLoader:238 - Cannot read IP mode file for STMicroelectronics.X-CUBE-BLE1.7.0.0
2023-10-06 08:37:12,232 [ERROR] Engine:463 - C:\Users\ADMIN\.stm32cubemx\thirdparties\pdsc\emotas.I-CUBE-CANOPEN.1.3.0.pdsc: PDSC version is not supported
2023-10-06 08:37:12,241 [WARN] PackLoader:238 - Cannot read IP mode file for STMicroelectronics.X-CUBE-TOUCHGFX.4.22.0
2023-10-06 08:37:12,249 [WARN] PackLoader:238 - Cannot read IP mode file for STMicroelectronics.X-CUBE-TOUCHGFX.4.22.1
2023-10-06 08:37:12,251 [ERROR] Engine:463 - C:\Users\ADMIN\.stm32cubemx\thirdparties\pdsc\STMicroelectronics.FP-SNS-SMARTAG2.1.2.0.pdsc: PDSC version is not supported
2023-10-06 08:37:12,251 [INFO] LogOutputStream:76 - [STDOUT_REDIRECT] 1 : Invalid condition id : UX_CORESTACK_Condition cause : null
2023-10-06 08:37:12,251 [INFO] LogOutputStream:76 - [STDOUT_REDIRECT] 1 : Invalid condition id : UX_CORESTACK_Condition cause : null
2023-10-06 08:37:12,251 [INFO] LogOutputStream:76 - [STDOUT_REDIRECT] 1 : Invalid condition id : UX_CORESTACK_Condition cause : null
2023-10-06 08:37:12,261 [INFO] LogOutputStream:76 - [STDOUT_REDIRECT] 1 : Invalid condition id : UX_CORESTACK_Condition cause : null
2023-10-06 08:37:12,261 [INFO] LogOutputStream:76 - [STDOUT_REDIRECT] 1 : Invalid condition id : UX_CORESTACK_Condition cause : null
2023-10-06 08:37:12,261 [WARN] PackLoader:238 - Cannot read IP mode file for STMicroelectronics.X-CUBE-AZRTOS-WL.2.0.0
2023-10-06 08:37:12,271 [WARN] PackLoader:238 - Cannot read IP mode file for WES.I-CUBE-Cesium.1.3.0
2023-10-06 08:37:12,271 [WARN] PackLoader:238 - Cannot read IP mode file for STMicroelectronics.X-CUBE-BLE2.3.3.0
2023-10-06 08:37:12,271 [WARN] PackLoader:238 - Cannot read IP mode file for STMicroelectronics.X-CUBE-ALGOBUILD.1.3.0
2023-10-06 08:37:12,291 [WARN] PackLoader:238 - Cannot read IP mode file for STMicroelectronics.X-CUBE-AZRTOS-G0.1.1.0
2023-10-06 08:37:12,300 [WARN] PackLoader:238 - Cannot read IP mode file for STMicroelectronics.X-CUBE-NFC4.3.0.0
2023-10-06 08:37:12,310 [WARN] PackLoader:238 - Cannot read IP mode file for STMicroelectronics.FP-ATR-SIGFOX1.3.2.0
2023-10-06 08:37:12,331 [INFO] DbBoardsPdsc:90 - Found 25 items
2023-10-06 08:37:12,331 [WARN] PackLoader:238 - Cannot read IP mode file for SEGGER.I-CUBE-embOS.1.3.1
2023-10-06 08:37:12,331 [INFO] DbBoardsPdsc:90 - Found 9 items
2023-10-06 08:37:12,331 [INFO] DbBoardsPdsc:90 - Found 33 items
2023-10-06 08:37:12,331 [INFO] DbBoardsPdsc:90 - Found 1 items
2023-10-06 08:37:12,341 [INFO] DbBoardsPdsc:90 - Found 48 items
2023-10-06 08:37:12,349 [INFO] DbBoardsPdsc:90 - Found 43 items
2023-10-06 08:37:12,349 [INFO] DbBoardsPdsc:90 - Found 2 items
2023-10-06 08:37:12,351 [INFO] DbBoardsPdsc:90 - Found 5 items
2023-10-06 08:37:12,351 [WARN] DbBoardsPdsc:254 - Board STM32H7B3I-DK: unknown feature type=Audio, name=, username=Audio stereo codec with Headphone Amp (CS42L51-CNZ), n=1
2023-10-06 08:37:12,351 [WARN] DbBoardsPdsc:254 - Board STM32H735G-DK: unknown feature type=Audio, name=, username=Audio stereo codec with Headphone Amp (WM8994ECS/R), n=1
2023-10-06 08:37:12,351 [WARN] DbBoardsPdsc:254 - Board STM32H7B3I-EVAL: unknown feature type=Audio, name=, username=Multi-Channel Audio Codec (CS42L51-CNZ), n=1
2023-10-06 08:37:12,351 [WARN] DbBoardsPdsc:254 - Board STM32H7B3I-EVAL: unknown feature type=Meter, name=, username=Power-metering and Temperature-monitoring with sigma-delta modulators, n=1
2023-10-06 08:37:12,351 [WARN] DbBoardsPdsc:254 - Board STM32H7B3I-EVAL: unknown feature type=Motor, name=, username=Motor Control, n=1
2023-10-06 08:37:12,351 [WARN] DbBoardsPdsc:254 - Board STM32U575I-EV: unknown feature type=joystick, name=, username=4-direction joystick with selection button, n=1
2023-10-06 08:37:12,361 [WARN] PackLoader:238 - Cannot read IP mode file for STMicroelectronics.X-CUBE-GNSS1.6.0.0
2023-10-06 08:37:12,366 [INFO] DbBoardsJson:86 - JSON generation date=Tue Nov 16 23:17:54 ICT 2021 (1637079474)
2023-10-06 08:37:12,371 [INFO] DbBoards:117 - Found 167 boards (163 are supported by CubeMX)
2023-10-06 08:37:12,371 [INFO] DbBoardsDocs:143 - JSON generation date=Tue Nov 16 23:17:54 ICT 2021 (1637079474)
2023-10-06 08:37:12,377 [INFO] DbBoardsDocs:79 - Found 209 boards documents
2023-10-06 08:37:12,377 [WARN] DbBoards:127 - board B-L475E-IOT01A2 has no document id list !
2023-10-06 08:37:12,377 [WARN] DbBoards:127 - board NUCLEO-H743ZI has no document id list !
2023-10-06 08:37:12,377 [WARN] DbBoards:127 - board NUCLEO-WL55JC2 has no document id list !
2023-10-06 08:37:12,377 [WARN] DbBoards:127 - board P-NUCLEO-WB55-Nucleo has no document id list !
2023-10-06 08:37:12,377 [WARN] DbBoards:127 - board P-NUCLEO-WB55-USBDongle has no document id list !
2023-10-06 08:37:12,377 [WARN] DbBoards:127 - board STEVAL-BFA001V1B has no document id list !
2023-10-06 08:37:12,377 [WARN] DbBoards:127 - board STEVAL-BFA001V2B has no document id list !
2023-10-06 08:37:12,377 [WARN] DbBoards:127 - board STEVAL-IDP005V1 has no document id list !
2023-10-06 08:37:12,377 [WARN] DbBoards:127 - board STEVAL-IDP005V2 has no document id list !
2023-10-06 08:37:12,377 [WARN] DbBoards:127 - board STEVAL-MKSBOX1V1 has no document id list !
2023-10-06 08:37:12,377 [WARN] DbBoards:127 - board STEVAL-STWINKT1 has no document id list !
2023-10-06 08:37:12,377 [WARN] DbBoards:127 - board STEVAL-STWINKT1B has no document id list !
2023-10-06 08:37:12,377 [WARN] DbBoards:127 - board STM32439I-EVAL2 has no document id list !
2023-10-06 08:37:12,377 [WARN] DbBoards:127 - board STM32F401C-DISCO has no document id list !
2023-10-06 08:37:12,377 [WARN] DbBoards:127 - board STM32F769I-DISC1 has no document id list !
2023-10-06 08:37:12,377 [WARN] DbBoards:127 - board STM32G474E-EVAL1 has no document id list !
2023-10-06 08:37:12,377 [WARN] DbBoards:127 - board STM32H743I-EVAL2 has no document id list !
2023-10-06 08:37:12,377 [WARN] DbBoards:127 - board STM32H747I-DISC1 has no document id list !
2023-10-06 08:37:12,377 [WARN] DbBoards:127 - board STM32H753I-EVAL2 has no document id list !
2023-10-06 08:37:12,377 [WARN] DbBoards:127 - board STM32L-DISCOVERY has no document id list !
2023-10-06 08:37:12,377 [WARN] PackLoader:238 - Cannot read IP mode file for STMicroelectronics.X-CUBE-AZRTOS-F4.1.1.0
2023-10-06 08:37:12,386 [WARN] PackLoader:238 - Cannot read IP mode file for wolfSSL.I-CUBE-wolfSSL.5.6.3
2023-10-06 08:37:12,401 [WARN] PackLoader:238 - Cannot read IP mode file for STMicroelectronics.X-CUBE-AZRTOS-L5.2.0.0
2023-10-06 08:37:12,431 [WARN] PackLoader:238 - Cannot read IP mode file for STMicroelectronics.X-CUBE-MEMS1.9.6.0
2023-10-06 08:37:12,461 [ERROR] DbBoards:189 - Image file not found for board B-U585I-IOT02A: C:\ST\STM32CubeIDE_1.7.0\STM32CubeIDE\plugins\com.st.stm32cube.common.mx_6.3.0.202107141111\\db\/plugins/mcufinder/images/boards/B-U585I-IOT02A_small.jpg
2023-10-06 08:37:12,537 [ERROR] DbBoards:189 - Image file not found for board NUCLEO-F413ZH: C:\ST\STM32CubeIDE_1.7.0\STM32CubeIDE\plugins\com.st.stm32cube.common.mx_6.3.0.202107141111\\db\/plugins/mcufinder/images/boards/nucleo-f413zh_small.jpg
2023-10-06 08:37:12,540 [ERROR] Engine:463 - C:\Users\ADMIN\.stm32cubemx\thirdparties\pdsc\ITTIA_DB.I-CUBE-ITTIADB.8.8.0.pdsc: PDSC version is not supported
2023-10-06 08:37:12,551 [WARN] PackLoader:238 - Cannot read IP mode file for STMicroelectronics.X-CUBE-BLEMGR.2.0.0
2023-10-06 08:37:12,561 [WARN] ConditionMgr:437 - getConditionDescription Invalid condition id : UX DEVICE CLASS RTOS Condition cause : null
2023-10-06 08:37:12,561 [WARN] ConditionMgr:437 - getConditionDescription Invalid condition id : UX DEVICE CLASS RTOS Condition cause : null
2023-10-06 08:37:12,561 [WARN] PackLoader:238 - Cannot read IP mode file for STMicroelectronics.X-CUBE-AZRTOS-H7.3.1.0
2023-10-06 08:37:12,561 [WARN] ConditionMgr:1038 - genDependencies : Invalid condition id : UX DEVICE CLASS RTOS Condition cause : null
2023-10-06 08:37:12,561 [WARN] ConditionMgr:1038 - genDependencies : Invalid condition id : UX DEVICE CLASS RTOS Condition cause : null
2023-10-06 08:37:12,561 [WARN] ConditionMgr:1038 - genDependencies : Invalid condition id : UX DEVICE CLASS RTOS Condition cause : null
2023-10-06 08:37:12,561 [WARN] ConditionMgr:1038 - genDependencies : Invalid condition id : UX DEVICE CLASS RTOS Condition cause : null
2023-10-06 08:37:12,561 [WARN] ConditionMgr:1038 - genDependencies : Invalid condition id : UX DEVICE CLASS RTOS Condition cause : null
2023-10-06 08:37:12,571 [WARN] PackLoader:238 - Cannot read IP mode file for STMicroelectronics.X-CUBE-NFC7.1.0.1
2023-10-06 08:37:12,581 [WARN] PackLoader:238 - Cannot read IP mode file for STMicroelectronics.X-CUBE-NFC6.3.0.0
2023-10-06 08:37:12,585 [WARN] PackLoader:238 - Cannot read IP mode file for STMicroelectronics.X-CUBE-EEPRMA1.4.1.0
2023-10-06 08:37:12,591 [WARN] PackLoader:238 - Cannot read IP mode file for STMicroelectronics.X-CUBE-AI.8.1.0
2023-10-06 08:37:12,601 [WARN] ConditionMgr:437 - getConditionDescription Invalid condition id : LAN8742 Phy interface Condition cause : null
2023-10-06 08:37:12,601 [WARN] PackLoader:238 - Cannot read IP mode file for STMicroelectronics.X-CUBE-AZRTOS-L4.2.0.0
2023-10-06 08:37:12,601 [WARN] ConditionMgr:1038 - genDependencies : Invalid condition id : LAN8742 Phy interface Condition cause : null
2023-10-06 08:37:12,601 [WARN] ConditionMgr:1038 - genDependencies : Invalid condition id : LAN8742 Phy interface Condition cause : null
2023-10-06 08:37:12,601 [WARN] ConditionMgr:1038 - genDependencies : Invalid condition id : LAN8742 Phy interface Condition cause : null
2023-10-06 08:37:12,611 [WARN] PackLoader:238 - Cannot read IP mode file for STMicroelectronics.X-CUBE-SFXS2LP1.4.0.0
2023-10-06 08:37:12,616 [WARN] PackLoader:238 - Cannot read IP mode file for STMicroelectronics.X-CUBE-ISPU.1.1.0
2023-10-06 08:37:12,621 [WARN] ConditionMgr:437 - getConditionDescription Invalid condition id : UX DEVICE CLASS RTOS Condition cause : null
2023-10-06 08:37:12,621 [WARN] ConditionMgr:437 - getConditionDescription Invalid condition id : UX DEVICE CLASS RTOS Condition cause : null
2023-10-06 08:37:12,621 [WARN] PackLoader:238 - Cannot read IP mode file for STMicroelectronics.X-CUBE-AZRTOS-WB.2.0.0
2023-10-06 08:37:12,621 [WARN] ConditionMgr:1038 - genDependencies : Invalid condition id : UX DEVICE CLASS RTOS Condition cause : null
2023-10-06 08:37:12,621 [WARN] ConditionMgr:1038 - genDependencies : Invalid condition id : UX DEVICE CLASS RTOS Condition cause : null
2023-10-06 08:37:12,631 [WARN] ConditionMgr:1038 - genDependencies : Invalid condition id : UX DEVICE CLASS RTOS Condition cause : null
2023-10-06 08:37:12,631 [WARN] ConditionMgr:1038 - genDependencies : Invalid condition id : UX DEVICE CLASS RTOS Condition cause : null
2023-10-06 08:37:12,631 [WARN] ConditionMgr:1038 - genDependencies : Invalid condition id : UX DEVICE CLASS RTOS Condition cause : null
2023-10-06 08:37:12,632 [WARN] PackLoader:238 - Cannot read IP mode file for STMicroelectronics.X-CUBE-SUBG2.5.0.0
2023-10-06 08:37:12,641 [ERROR] Engine:463 - C:\Users\ADMIN\.stm32cubemx\thirdparties\pdsc\STMicroelectronics.X-CUBE-TOF1.3.3.1.pdsc: PDSC version is not supported
2023-10-06 08:37:12,651 [WARN] PackLoader:238 - Cannot read IP mode file for STMicroelectronics.X-CUBE-AZRTOS-G4.2.0.0
2023-10-06 08:37:12,651 [ERROR] Engine:463 - C:\Users\ADMIN\.stm32cubemx\thirdparties\pdsc\STMicroelectronics.X-CUBE-FREERTOS.1.1.0.pdsc: PDSC version is not supported
2023-10-06 08:37:12,661 [WARN] PackLoader:238 - Cannot read IP mode file for portGmbH.I-Cube-SoM-uGOAL.1.1.0
2023-10-06 08:37:12,664 [WARN] PackLoader:238 - Cannot read IP mode file for STMicroelectronics.X-CUBE-ALS.1.0.1
2023-10-06 08:37:12,664 [ERROR] DbBoards:189 - Image file not found for board NUCLEO-L552ZE-Q: C:\ST\STM32CubeIDE_1.7.0\STM32CubeIDE\plugins\com.st.stm32cube.common.mx_6.3.0.202107141111\\db\/plugins/mcufinder/images/boards/nucleo_l552ze_q_small.jpg
2023-10-06 08:37:12,664 [ERROR] DbBoards:189 - Image file not found for board NUCLEO-U575ZI-Q: C:\ST\STM32CubeIDE_1.7.0\STM32CubeIDE\plugins\com.st.stm32cube.common.mx_6.3.0.202107141111\\db\/plugins/mcufinder/images/boards/nucleo-u575zi-q_small.jpg
2023-10-06 08:37:12,664 [ERROR] DbBoards:189 - Image file not found for board NUCLEO-WB15CC: C:\ST\STM32CubeIDE_1.7.0\STM32CubeIDE\plugins\com.st.stm32cube.common.mx_6.3.0.202107141111\\db\/plugins/mcufinder/images/boards/nucleo-wb15cc_small.jpg
2023-10-06 08:37:12,664 [ERROR] DbBoards:189 - Image file not found for board NUCLEO-WB55RG: C:\ST\STM32CubeIDE_1.7.0\STM32CubeIDE\plugins\com.st.stm32cube.common.mx_6.3.0.202107141111\\db\/plugins/mcufinder/images/boards/nucleo-wb55rg_small.jpg
2023-10-06 08:37:12,671 [WARN] PackLoader:238 - Cannot read IP mode file for STMicroelectronics.FP-ATR-ASTRA1.2.0.0
2023-10-06 08:37:12,671 [INFO] ThirdParty:915 - Integrity check success = true
2023-10-06 08:37:12,671 [INFO] IntegrityCheckThread:94 - exiting critical section [integrity check]
2023-10-06 08:37:12,671 [INFO] IntegrityCheckThread:97 - End integrity checks thread
2023-10-06 08:37:13,341 [INFO] ApiDb:251 - Load user favorites file C:\Users\ADMIN/.stm32cubeide/favorites.boards.txt: 0 item(s)
2023-10-06 08:37:13,341 [INFO] ApiDb:255 - User favorites Boards=[]
2023-10-06 08:37:13,341 [INFO] DbBoards:206 - Set 0 / 0 favorites Boards
2023-10-06 08:37:36,401 [INFO] DbMcusDocs:143 - JSON generation date=Tue Nov 16 23:17:54 ICT 2021 (1637079474)
2023-10-06 08:37:36,541 [INFO] DbMcusDocs:79 - Found 682 MCUs documents
2023-10-06 08:38:12,551 [INFO] MainUpdater:2671 - connection check result : 10
2023-10-06 08:38:12,551 [INFO] MainUpdater:2671 - connection check result : 10
2023-10-06 08:38:12,601 [INFO] MicroXplorer:448 - Change Database Path : 
2023-10-06 08:38:12,601 [INFO] MicroXplorer:478 - Change Database Version : DB.6.0.30
2023-10-06 08:38:12,601 [WARN] ThirdParty:813 - waiting for thirdparty lock release [close project]
2023-10-06 08:38:12,601 [INFO] ThirdParty:815 - entering critical section [close project]
2023-10-06 08:38:12,601 [INFO] ThirdParty:825 - exiting critical section [close project]
2023-10-06 08:38:12,610 [INFO] PinOutPanel:1463 - setPackage(No Configuration,No Configuration)
2023-10-06 08:38:12,610 [INFO] UtilMem:74 - Begin LoadConfig() Used Memory: 537007376 Bytes (568328192)
2023-10-06 08:38:12,610 [INFO] MicroXplorer:448 - Change Database Path : 
2023-10-06 08:38:12,610 [INFO] MicroXplorer:478 - Change Database Version : DB.6.0.30
2023-10-06 08:38:12,610 [INFO] OpenFileManager:313 - Change cursor
2023-10-06 08:38:13,226 [INFO] Context:592 - Trying to add GPIOservice into a context  which must be forbidden
2023-10-06 08:38:13,363 [INFO] ImportTextPane:167 - (OptionalMessage_ERROR) Unable to find key (Mcu.ThirdPartyNb) in loaded IOC file
2023-10-06 08:38:13,363 [INFO] ImportTextPane:167 - (OptionalMessage_ERROR) Unable to find key (Mcu.PinsNb) in loaded IOC file
2023-10-06 08:38:13,363 [INFO] ImportTextPane:167 - (OptionalMessage_ERROR) Unable to find key (Mcu.IPNb) in loaded IOC file
2023-10-06 08:38:13,401 [WARN] ApiManager:304 - Cannot register API 'Board Extension:GNSS1A1' from pack STMicroelectronics.X-CUBE-GNSS1.6.0.0: no header file found
2023-10-06 08:38:13,401 [WARN] ApiManager:304 - Cannot register API 'Board Support:Custom' from pack STMicroelectronics.X-CUBE-GNSS1.6.0.0: no header file found
2023-10-06 08:38:13,401 [WARN] ApiManager:304 - Cannot register API 'Data Exchange:lib_gnss' from pack STMicroelectronics.X-CUBE-GNSS1.6.0.0: no header file found
2023-10-06 08:38:13,401 [WARN] ApiManager:304 - Cannot register API 'Wireless:BlueNRG-MS' from pack STMicroelectronics.X-CUBE-BLE1.7.0.0: no header file found
2023-10-06 08:38:13,411 [WARN] ModelIntegratedComponent:60 - No mode defined for component null
2023-10-06 08:38:13,411 [WARN] ModelIntegratedComponent:60 - No mode defined for component null
2023-10-06 08:38:13,411 [WARN] ModelIntegratedComponent:60 - No mode defined for component null
2023-10-06 08:38:13,411 [WARN] ModelIntegratedComponent:60 - No mode defined for component null
2023-10-06 08:38:13,411 [WARN] ModelIntegratedComponent:60 - No mode defined for component null
2023-10-06 08:38:13,411 [WARN] ModelIntegratedComponent:60 - No mode defined for component null
2023-10-06 08:38:13,411 [WARN] ModelIntegratedComponent:60 - No mode defined for component null
2023-10-06 08:38:13,411 [WARN] ModelIntegratedComponent:60 - No mode defined for component null
2023-10-06 08:38:13,411 [WARN] ModelIntegratedComponent:60 - No mode defined for component null
2023-10-06 08:38:13,411 [WARN] ModelIntegratedComponent:60 - No mode defined for component null
2023-10-06 08:38:13,411 [WARN] ModelIntegratedComponent:60 - No mode defined for component null
2023-10-06 08:38:13,411 [WARN] ModelIntegratedComponent:60 - No mode defined for component null
2023-10-06 08:38:13,411 [WARN] ModelIntegratedComponent:60 - No mode defined for component null
2023-10-06 08:38:13,411 [WARN] ModelIntegratedComponent:60 - No mode defined for component null
2023-10-06 08:38:13,411 [WARN] ModelIntegratedComponent:60 - No mode defined for component null
2023-10-06 08:38:13,411 [WARN] ModelIntegratedComponent:60 - No mode defined for component null
2023-10-06 08:38:13,411 [WARN] ModelIntegratedComponent:60 - No mode defined for component null
2023-10-06 08:38:13,411 [WARN] ModelIntegratedComponent:60 - No mode defined for component null
2023-10-06 08:38:13,411 [WARN] ModelIntegratedComponent:60 - No mode defined for component null
2023-10-06 08:38:13,411 [WARN] ModelIntegratedComponent:60 - No mode defined for component null
2023-10-06 08:38:13,411 [WARN] ModelIntegratedComponent:60 - No mode defined for component null
2023-10-06 08:38:13,411 [WARN] ModelIntegratedComponent:60 - No mode defined for component null
2023-10-06 08:38:13,411 [WARN] ModelIntegratedComponent:60 - No mode defined for component null
2023-10-06 08:38:13,411 [WARN] ModelIntegratedComponent:60 - No mode defined for component null
2023-10-06 08:38:13,411 [WARN] ModelIntegratedComponent:60 - No mode defined for component null
2023-10-06 08:38:13,411 [WARN] ModelIntegratedComponent:60 - No mode defined for component null
2023-10-06 08:38:13,411 [WARN] ModelIntegratedComponent:60 - No mode defined for component null
2023-10-06 08:38:13,411 [WARN] ModelIntegratedComponent:60 - No mode defined for component null
2023-10-06 08:38:13,411 [WARN] ModelIntegratedComponent:60 - No mode defined for component null
2023-10-06 08:38:13,411 [WARN] ModelIntegratedComponent:60 - No mode defined for component null
2023-10-06 08:38:13,411 [WARN] ModelIntegratedComponent:60 - No mode defined for component null
2023-10-06 08:38:13,411 [WARN] ApiManager:304 - Cannot register API 'Board Extension:NFC07A1' from pack STMicroelectronics.X-CUBE-NFC7.1.0.1: no header file found
2023-10-06 08:38:13,411 [WARN] ApiManager:304 - Cannot register API 'Board Extension:NFC06A1' from pack STMicroelectronics.X-CUBE-NFC6.3.0.0: no header file found
2023-10-06 08:38:13,411 [WARN] ApiManager:304 - Cannot register API 'Board Extension:NFC08A1' from pack STMicroelectronics.X-CUBE-NFC6.3.0.0: no header file found
2023-10-06 08:38:13,411 [WARN] ApiManager:304 - Cannot register API 'Board Extension:EEPRMA1' from pack STMicroelectronics.X-CUBE-EEPRMA1.4.1.0: no header file found
2023-10-06 08:38:13,411 [WARN] ApiManager:304 - Cannot register API 'Board Extension:EEPRMA2' from pack STMicroelectronics.X-CUBE-EEPRMA1.4.1.0: no header file found
2023-10-06 08:38:13,411 [WARN] ApiManager:304 - Cannot register API 'Board Extension:PGEEZ1' from pack STMicroelectronics.X-CUBE-EEPRMA1.4.1.0: no header file found
2023-10-06 08:38:13,411 [WARN] ApiManager:304 - Cannot register API 'Board Part:M24' from pack STMicroelectronics.X-CUBE-EEPRMA1.4.1.0: no header file found
2023-10-06 08:38:13,411 [WARN] ApiManager:304 - Cannot register API 'Board Part:M95' from pack STMicroelectronics.X-CUBE-EEPRMA1.4.1.0: no header file found
2023-10-06 08:38:13,411 [WARN] ApiManager:304 - Cannot register API 'Board Part:M95P32' from pack STMicroelectronics.X-CUBE-EEPRMA1.4.1.0: no header file found
2023-10-06 08:38:13,411 [WARN] ApiManager:304 - Cannot register API 'PGEEZ1:SPI' from pack STMicroelectronics.X-CUBE-EEPRMA1.4.1.0: no header file found
2023-10-06 08:38:13,411 [WARN] ApiManager:304 - Cannot register API 'PGEEZ1:QDSPI' from pack STMicroelectronics.X-CUBE-EEPRMA1.4.1.0: no header file found
2023-10-06 08:38:13,560 [WARN] ApiManager:304 - Cannot register API 'Board Extension:IKS01A3' from pack STMicroelectronics.X-CUBE-MEMS1.9.6.0: no header file found
2023-10-06 08:38:13,560 [WARN] ApiManager:304 - Cannot register API 'Board Extension:IKS01A2' from pack STMicroelectronics.X-CUBE-MEMS1.9.6.0: no header file found
2023-10-06 08:38:13,560 [WARN] ApiManager:304 - Cannot register API 'Board Extension:IKS02A1' from pack STMicroelectronics.X-CUBE-MEMS1.9.6.0: no header file found
2023-10-06 08:38:13,570 [INFO] RtosManager:484 - Registered RTOS mode: class=CMSIS, group=RTOS, mode=CMSIS_V1, owner=FREERTOS
2023-10-06 08:38:13,570 [INFO] RtosManager:484 - Registered RTOS mode: class=CMSIS, group=RTOS2, mode=CMSIS_V2, owner=FREERTOS
2023-10-06 08:38:13,570 [INFO] RtosManager:484 - Registered RTOS mode: class=RTOS, group=Core, mode=CMSIS_V1, owner=FREERTOS
2023-10-06 08:38:13,570 [INFO] RtosManager:484 - Registered RTOS mode: class=RTOS, group=Core, mode=CMSIS_V2, owner=FREERTOS
2023-10-06 08:38:13,570 [WARN] ModelIntegratedComponent:181 - Missing modes for component STMicroelectronics:FreeRTOS:0.0.1:STMicroelectronics:RTOS:FreeRTOS:Core:::10.2.0:
2023-10-06 08:38:13,580 [WARN] ApiManager:304 - Cannot register API 'Board Extension:NFC04A1' from pack STMicroelectronics.X-CUBE-NFC4.3.0.0: no header file found
2023-10-06 08:38:13,580 [WARN] ApiManager:304 - Cannot register API 'Board Extension:S2868A1' from pack STMicroelectronics.X-CUBE-SUBG2.5.0.0: no header file found
2023-10-06 08:38:13,580 [WARN] ApiManager:304 - Cannot register API 'Board Extension:S2868A2' from pack STMicroelectronics.X-CUBE-SUBG2.5.0.0: no header file found
2023-10-06 08:38:13,580 [WARN] ApiManager:304 - Cannot register API 'Board Extension:S2915A1' from pack STMicroelectronics.X-CUBE-SUBG2.5.0.0: no header file found
2023-10-06 08:38:13,586 [WARN] ApiManager:304 - Cannot register API 'Board Extension:S2868A1' from pack STMicroelectronics.X-CUBE-SFXS2LP1.4.0.0: no header file found
2023-10-06 08:38:13,586 [WARN] ApiManager:304 - Cannot register API 'Board Extension:S2868A2' from pack STMicroelectronics.X-CUBE-SFXS2LP1.4.0.0: no header file found
2023-10-06 08:38:13,586 [WARN] ApiManager:304 - Cannot register API 'Board Extension:S2915A1' from pack STMicroelectronics.X-CUBE-SFXS2LP1.4.0.0: no header file found
2023-10-06 08:38:13,586 [WARN] ApiManager:304 - Cannot register API 'Wireless:BlueNRG-2' from pack STMicroelectronics.X-CUBE-BLE2.3.3.0: no header file found
2023-10-06 08:38:14,721 [INFO] UtilMem:74 - End LoadConfig() Used Memory: 540933928 Bytes (589299712)
2023-10-06 08:38:14,721 [WARN] ThirdParty:779 - waiting for thirdparty lock release [change project]
2023-10-06 08:38:14,736 [INFO] ThirdParty:781 - entering critical section [change project]
2023-10-06 08:38:14,736 [INFO] ThirdParty:967 - CMSIS Pack Vendor :STMicroelectronics X-CUBE-ISPU 1.1.0
2023-10-06 08:38:14,736 [INFO] ThirdParty:967 - CMSIS Pack Vendor :STMicroelectronics X-CUBE-GNSS1 6.0.0
2023-10-06 08:38:14,736 [INFO] ThirdParty:967 - CMSIS Pack Vendor :STMicroelectronics USB_HOST 2.0.0
2023-10-06 08:38:14,736 [INFO] ThirdParty:967 - CMSIS Pack Vendor :STMicroelectronics X-CUBE-AZRTOS-F4 1.1.0
2023-10-06 08:38:14,736 [INFO] ThirdParty:967 - CMSIS Pack Vendor :STMicroelectronics X-CUBE-BLE1 7.0.0
2023-10-06 08:38:14,736 [INFO] ThirdParty:967 - CMSIS Pack Vendor :STMicroelectronics FP-ATR-SIGFOX1 3.2.0
2023-10-06 08:38:14,736 [INFO] ThirdParty:967 - CMSIS Pack Vendor :wolfSSL I-CUBE-wolfSSL 5.6.3
2023-10-06 08:38:14,736 [INFO] ThirdParty:967 - CMSIS Pack Vendor :STMicroelectronics USB_DEVICE 3.0.0
2023-10-06 08:38:14,736 [INFO] ThirdParty:967 - CMSIS Pack Vendor :STMicroelectronics HAL Drivers 0.0.0
2023-10-06 08:38:14,736 [INFO] ThirdParty:967 - CMSIS Pack Vendor :STMicroelectronics MBEDTLS 2.16.2
2023-10-06 08:38:14,736 [INFO] ThirdParty:967 - CMSIS Pack Vendor :STMicroelectronics X-CUBE-AZRTOS-WB 2.0.0
2023-10-06 08:38:14,736 [INFO] ThirdParty:967 - CMSIS Pack Vendor :STMicroelectronics X-CUBE-TOUCHGFX 4.22.0
2023-10-06 08:38:14,736 [INFO] ThirdParty:967 - CMSIS Pack Vendor :STMicroelectronics X-CUBE-NFC7 1.0.1
2023-10-06 08:38:14,736 [INFO] ThirdParty:967 - CMSIS Pack Vendor :STMicroelectronics MBEDTLS 2.14.1
2023-10-06 08:38:14,736 [INFO] ThirdParty:967 - CMSIS Pack Vendor :STMicroelectronics X-CUBE-TOUCHGFX 4.22.1
2023-10-06 08:38:14,736 [INFO] ThirdParty:967 - CMSIS Pack Vendor :STMicroelectronics X-CUBE-AZRTOS-F7 1.1.0
2023-10-06 08:38:14,736 [INFO] ThirdParty:967 - CMSIS Pack Vendor :STMicroelectronics X-CUBE-AZRTOS-L5 2.0.0
2023-10-06 08:38:14,736 [INFO] ThirdParty:967 - CMSIS Pack Vendor :STMicroelectronics X-CUBE-NFC6 3.0.0
2023-10-06 08:38:14,736 [INFO] ThirdParty:967 - CMSIS Pack Vendor :STMicroelectronics X-CUBE-EEPRMA1 4.1.0
2023-10-06 08:38:14,736 [INFO] ThirdParty:967 - CMSIS Pack Vendor :portGmbH I-Cube-SoM-uGOAL 1.1.0
2023-10-06 08:38:14,736 [INFO] ThirdParty:967 - CMSIS Pack Vendor :STMicroelectronics X-CUBE-ALS 1.0.1
2023-10-06 08:38:14,736 [INFO] ThirdParty:967 - CMSIS Pack Vendor :STMicroelectronics USB_DEVICE 2.0.0
2023-10-06 08:38:14,736 [INFO] ThirdParty:967 - CMSIS Pack Vendor :STMicroelectronics X-CUBE-MEMS1 9.6.0
2023-10-06 08:38:14,736 [INFO] ThirdParty:967 - CMSIS Pack Vendor :STMicroelectronics X-CUBE-AZRTOS-WL 2.0.0
2023-10-06 08:38:14,736 [INFO] ThirdParty:967 - CMSIS Pack Vendor :STMicroelectronics X-CUBE-ALGOBUILD 1.3.0
2023-10-06 08:38:14,736 [INFO] ThirdParty:967 - CMSIS Pack Vendor :SEGGER I-CUBE-embOS 1.3.1
2023-10-06 08:38:14,736 [INFO] ThirdParty:967 - CMSIS Pack Vendor :STMicroelectronics FreeRTOS 0.0.1
2023-10-06 08:38:14,736 [INFO] ThirdParty:967 - CMSIS Pack Vendor :STMicroelectronics X-CUBE-AZRTOS-G0 1.1.0
2023-10-06 08:38:14,736 [INFO] ThirdParty:967 - CMSIS Pack Vendor :STMicroelectronics USB_DEVICE 1.0.0
2023-10-06 08:38:14,736 [INFO] ThirdParty:967 - CMSIS Pack Vendor :STMicroelectronics X-CUBE-BLEMGR 2.0.0
2023-10-06 08:38:14,736 [INFO] ThirdParty:967 - CMSIS Pack Vendor :STMicroelectronics X-CUBE-AI 8.1.0
2023-10-06 08:38:14,736 [INFO] ThirdParty:967 - CMSIS Pack Vendor :STMicroelectronics X-CUBE-NFC4 3.0.0
2023-10-06 08:38:14,736 [INFO] ThirdParty:967 - CMSIS Pack Vendor :STMicroelectronics X-CUBE-SUBG2 5.0.0
2023-10-06 08:38:14,736 [INFO] ThirdParty:967 - CMSIS Pack Vendor :STMicroelectronics X-CUBE-AZRTOS-L4 2.0.0
2023-10-06 08:38:14,736 [INFO] ThirdParty:967 - CMSIS Pack Vendor :STMicroelectronics ThreadX 0.0.2
2023-10-06 08:38:14,736 [INFO] ThirdParty:967 - CMSIS Pack Vendor :WES I-CUBE-Cesium 1.3.0
2023-10-06 08:38:14,736 [INFO] ThirdParty:967 - CMSIS Pack Vendor :STMicroelectronics FP-ATR-ASTRA1 2.0.0
2023-10-06 08:38:14,736 [INFO] ThirdParty:967 - CMSIS Pack Vendor :STMicroelectronics lwIP 2.0.3
2023-10-06 08:38:14,736 [INFO] ThirdParty:967 - CMSIS Pack Vendor :STMicroelectronics lwIP 2.1.2
2023-10-06 08:38:14,736 [INFO] ThirdParty:967 - CMSIS Pack Vendor :STMicroelectronics X-CUBE-SFXS2LP1 4.0.0
2023-10-06 08:38:14,736 [INFO] ThirdParty:967 - CMSIS Pack Vendor :STMicroelectronics X-CUBE-BLE2 3.3.0
2023-10-06 08:38:14,736 [INFO] ThirdParty:967 - CMSIS Pack Vendor :STMicroelectronics USB_HOST 1.0.0
2023-10-06 08:38:14,736 [INFO] ThirdParty:967 - CMSIS Pack Vendor :STMicroelectronics X-CUBE-AZRTOS-G4 2.0.0
2023-10-06 08:38:14,736 [INFO] ThirdParty:967 - CMSIS Pack Vendor :STMicroelectronics PDM2PCM 3.1.0
2023-10-06 08:38:14,736 [INFO] ThirdParty:967 - CMSIS Pack Vendor :STMicroelectronics X-CUBE-AZRTOS-H7 3.1.0
2023-10-06 08:38:14,736 [INFO] ThirdParty:967 - CMSIS Pack Vendor :STMicroelectronics PDM2PCM 3.2.0
2023-10-06 08:38:14,736 [INFO] ThirdParty:967 - CMSIS Pack Vendor :STMicroelectronics PDM2PCM 3.3.0
2023-10-06 08:38:14,736 [INFO] ThirdParty:787 - exiting critical section [change project]
2023-10-06 08:38:14,881 [INFO] PinOutPanel:1463 - setPackage(No Configuration,No Configuration)
2023-10-06 08:38:14,881 [INFO] PinOutPanel:1463 - setPackage(STM32F103C6Tx,LQFP48)
2023-10-06 08:38:15,170 [INFO] UtilMem:74 - Before build in PCC Used Memory: 523367696 Bytes (589299712)
2023-10-06 08:38:15,649 [INFO] UtilMem:74 - After build in PCC Used Memory: 528249880 Bytes (589299712)
2023-10-06 08:38:15,660 [INFO] IPUIPlugin:74 - create IPUIPlugin
2023-10-06 08:38:15,664 [INFO] IPUIPlugin:74 - create IPUIPlugin
2023-10-06 08:38:15,664 [INFO] IPUIPlugin:74 - create IPUIPlugin
2023-10-06 08:38:15,664 [INFO] IPUIPlugin:74 - create IPUIPlugin
2023-10-06 08:38:15,664 [INFO] IPUIPlugin:74 - create IPUIPlugin
2023-10-06 08:38:15,664 [INFO] IPUIPlugin:74 - create IPUIPlugin
2023-10-06 08:38:15,664 [INFO] IPUIPlugin:74 - create IPUIPlugin
2023-10-06 08:38:15,664 [INFO] IPUIPlugin:74 - create IPUIPlugin
2023-10-06 08:38:15,664 [INFO] IPUIPlugin:74 - create IPUIPlugin
2023-10-06 08:38:15,664 [INFO] IPUIPlugin:74 - create IPUIPlugin
2023-10-06 08:38:15,664 [INFO] IPUIPlugin:74 - create IPUIPlugin
2023-10-06 08:38:15,664 [INFO] IPUIPlugin:74 - create IPUIPlugin
2023-10-06 08:38:15,664 [INFO] IPUIPlugin:74 - create IPUIPlugin
2023-10-06 08:38:15,664 [INFO] IPUIPlugin:74 - create IPUIPlugin
2023-10-06 08:38:15,664 [INFO] IPUIPlugin:74 - create IPUIPlugin
2023-10-06 08:38:15,664 [INFO] IPUIPlugin:74 - create IPUIPlugin
2023-10-06 08:38:15,664 [INFO] IPUIPlugin:74 - create IPUIPlugin
2023-10-06 08:38:15,664 [INFO] IPUIPlugin:74 - create IPUIPlugin
2023-10-06 08:38:15,664 [INFO] IPUIPlugin:74 - create IPUIPlugin
2023-10-06 08:38:15,664 [INFO] IPUIPlugin:74 - create IPUIPlugin
2023-10-06 08:38:15,664 [INFO] IPUIPlugin:74 - create IPUIPlugin
2023-10-06 08:38:15,664 [INFO] IPUIPlugin:74 - create IPUIPlugin
2023-10-06 08:38:15,664 [INFO] IPUIPlugin:74 - create IPUIPlugin
2023-10-06 08:38:15,760 [INFO] OpenFileManager:333 - Restore cursor
2023-10-06 08:38:15,949 [INFO] UtilMem:74 - End SaveConfig() Used Memory: 551618368 Bytes (598736896)
2023-10-06 08:38:15,996 [INFO] UtilMem:74 - End SaveConfig() Used Memory: 550221112 Bytes (598736896)
2023-10-06 08:38:16,191 [INFO] BlockDiagram:2740 - set Specific Code input for plugin: NVIC
2023-10-06 08:38:16,191 [INFO] BlockDiagram:2740 - set Specific Code input for plugin: SYS
2023-10-06 08:38:16,191 [INFO] BlockDiagram:2740 - set Specific Code input for plugin: RCC
2023-10-06 08:38:16,192 [INFO] CodeGenerator:663 - code generatio: config db path: C:\ST\STM32CubeIDE_1.7.0\STM32CubeIDE\plugins\com.st.stm32cube.common.mx_6.3.0.202107141111\\db\
2023-10-06 08:38:16,542 [INFO] CodeEngine:239 - oldGeneratedFile, C:\Users\ADMIN\OneDrive\Documents\LABSTM32\REPORT_MCU_HCMUT\Buttons and Switches\Buttons and Switches\MXTmpFiles\license.tmp_save
2023-10-06 08:38:16,850 [INFO] CodeEngine:257 - Generated code: C:\Users\ADMIN\OneDrive\Documents\LABSTM32\REPORT_MCU_HCMUT\Buttons and Switches\Buttons and Switches\MXTmpFiles\license.tmp
2023-10-06 08:38:16,960 [INFO] CodeEngine:239 - oldGeneratedFile, C:\Users\ADMIN\OneDrive\Documents\LABSTM32\REPORT_MCU_HCMUT\Buttons and Switches\Buttons and Switches\Core\Src\stm32f1xx_it.c_save
2023-10-06 08:38:17,056 [INFO] CodeEngine:257 - Generated code: C:\Users\ADMIN\OneDrive\Documents\LABSTM32\REPORT_MCU_HCMUT\Buttons and Switches\Buttons and Switches\Core\Src\stm32f1xx_it.c
2023-10-06 08:38:17,065 [INFO] CodeEngine:239 - oldGeneratedFile, C:\Users\ADMIN\OneDrive\Documents\LABSTM32\REPORT_MCU_HCMUT\Buttons and Switches\Buttons and Switches\Core\Inc\stm32f1xx_it.h_save
2023-10-06 08:38:17,141 [INFO] CodeEngine:257 - Generated code: C:\Users\ADMIN\OneDrive\Documents\LABSTM32\REPORT_MCU_HCMUT\Buttons and Switches\Buttons and Switches\Core\Inc\stm32f1xx_it.h
2023-10-06 08:38:17,160 [INFO] CodeEngine:239 - oldGeneratedFile, C:\Users\ADMIN\OneDrive\Documents\LABSTM32\REPORT_MCU_HCMUT\Buttons and Switches\Buttons and Switches\Core\Src\stm32f1xx_hal_msp.c_save
2023-10-06 08:38:17,231 [INFO] CodeEngine:257 - Generated code: C:\Users\ADMIN\OneDrive\Documents\LABSTM32\REPORT_MCU_HCMUT\Buttons and Switches\Buttons and Switches\Core\Src\stm32f1xx_hal_msp.c
2023-10-06 08:38:17,245 [INFO] CodeEngine:239 - oldGeneratedFile, C:\Users\ADMIN\OneDrive\Documents\LABSTM32\REPORT_MCU_HCMUT\Buttons and Switches\Buttons and Switches\MXTmpFiles\system.tmp_save
2023-10-06 08:38:17,281 [INFO] CodeEngine:257 - Generated code: C:\Users\ADMIN\OneDrive\Documents\LABSTM32\REPORT_MCU_HCMUT\Buttons and Switches\Buttons and Switches\MXTmpFiles\system.tmp
2023-10-06 08:38:17,295 [INFO] CodeEngine:239 - oldGeneratedFile, C:\Users\ADMIN\OneDrive\Documents\LABSTM32\REPORT_MCU_HCMUT\Buttons and Switches\Buttons and Switches\Core\Inc\stm32f1xx_hal_conf.h_save
2023-10-06 08:38:17,335 [INFO] CodeEngine:257 - Generated code: C:\Users\ADMIN\OneDrive\Documents\LABSTM32\REPORT_MCU_HCMUT\Buttons and Switches\Buttons and Switches\Core\Inc\stm32f1xx_hal_conf.h
2023-10-06 08:38:17,371 [INFO] CodeEngine:239 - oldGeneratedFile, C:\Users\ADMIN\OneDrive\Documents\LABSTM32\REPORT_MCU_HCMUT\Buttons and Switches\Buttons and Switches\Core\Inc\main.h_save
2023-10-06 08:38:17,421 [INFO] CodeEngine:257 - Generated code: C:\Users\ADMIN\OneDrive\Documents\LABSTM32\REPORT_MCU_HCMUT\Buttons and Switches\Buttons and Switches\Core\Inc\main.h
2023-10-06 08:38:17,431 [INFO] CodeEngine:239 - oldGeneratedFile, C:\Users\ADMIN\OneDrive\Documents\LABSTM32\REPORT_MCU_HCMUT\Buttons and Switches\Buttons and Switches\Core\Src\main.c_save
2023-10-06 08:38:17,491 [INFO] CodeEngine:257 - Generated code: C:\Users\ADMIN\OneDrive\Documents\LABSTM32\REPORT_MCU_HCMUT\Buttons and Switches\Buttons and Switches\Core\Src\main.c
2023-10-06 08:38:18,141 [INFO] ProjectBuilder:2578 - Time for Copy HAL[1] : 126mS.
2023-10-06 08:38:18,151 [INFO] ProjectBuilder:3622 - Project Generator version: 3.14.1
2023-10-06 08:38:18,411 [INFO] ConfigFileManager:1271 - The Die is : DIE412
2023-10-06 08:38:18,422 [INFO] ApiDbMcu:468 - Load IP Config File for FATFS
2023-10-06 08:38:18,430 [INFO] ApiDbMcu:468 - Load IP Config File for FREERTOS
2023-10-06 08:38:18,450 [INFO] ApiDbMcu:468 - Load IP Config File for USB_DEVICE
2023-10-06 08:38:21,031 [INFO] ProjectBuilder:3789 - Time for Generating toolchain IDE Files: 2880mS.
2023-10-06 08:38:21,035 [INFO] ProjectBuilder:2457 - Time for Copy CMSIS : 0mS.
2023-10-06 08:38:21,040 [INFO] ProjectBuilder:2457 - Time for Copy CMSIS : 0mS.
2023-10-06 08:38:21,720 [INFO] McuFinderGlobals:52 - Set McuFinderConnectedMode to true
2023-10-06 08:38:21,731 [INFO] ApiDb:276 - Save user favorites file C:\Users\ADMIN/.stm32cubeide/favorites.mcus.txt: 0 item(s)
2023-10-06 08:38:21,731 [INFO] ApiDb:280 - User favorites MCUs=[]
2023-10-06 08:38:48,309 [INFO] UtilMem:74 - End SaveConfig() Used Memory: 742482136 Bytes (957349888)
2023-10-06 08:38:52,130 [INFO] UtilMem:74 - End SaveConfig() Used Memory: 778655960 Bytes (957349888)
2023-10-06 08:38:55,441 [INFO] UtilMem:74 - End SaveConfig() Used Memory: 747685488 Bytes (957349888)
2023-10-06 08:38:55,620 [INFO] BlockDiagram:2740 - set Specific Code input for plugin: NVIC
2023-10-06 08:38:55,620 [INFO] BlockDiagram:2740 - set Specific Code input for plugin: SYS
2023-10-06 08:38:55,620 [INFO] BlockDiagram:2740 - set Specific Code input for plugin: GPIO
2023-10-06 08:38:55,620 [INFO] BlockDiagram:2740 - set Specific Code input for plugin: RCC
2023-10-06 08:38:55,620 [INFO] CodeGenerator:663 - code generatio: config db path: C:\ST\STM32CubeIDE_1.7.0\STM32CubeIDE\plugins\com.st.stm32cube.common.mx_6.3.0.202107141111\\db\
2023-10-06 08:38:55,790 [INFO] CodeEngine:239 - oldGeneratedFile, C:\Users\ADMIN\OneDrive\Documents\LABSTM32\REPORT_MCU_HCMUT\Buttons and Switches\Buttons and Switches\MXTmpFiles\license.tmp_save
2023-10-06 08:38:55,840 [INFO] CodeEngine:257 - Generated code: C:\Users\ADMIN\OneDrive\Documents\LABSTM32\REPORT_MCU_HCMUT\Buttons and Switches\Buttons and Switches\MXTmpFiles\license.tmp
2023-10-06 08:38:55,870 [INFO] CodeEngine:239 - oldGeneratedFile, C:\Users\ADMIN\OneDrive\Documents\LABSTM32\REPORT_MCU_HCMUT\Buttons and Switches\Buttons and Switches\MXTmpFiles\gpio.tmp_save
2023-10-06 08:38:55,910 [INFO] CodeEngine:257 - Generated code: C:\Users\ADMIN\OneDrive\Documents\LABSTM32\REPORT_MCU_HCMUT\Buttons and Switches\Buttons and Switches\MXTmpFiles\gpio.tmp
2023-10-06 08:38:55,941 [INFO] CodeEngine:239 - oldGeneratedFile, C:\Users\ADMIN\OneDrive\Documents\LABSTM32\REPORT_MCU_HCMUT\Buttons and Switches\Buttons and Switches\Core\Src\stm32f1xx_it.c_save
2023-10-06 08:38:56,011 [INFO] CodeEngine:257 - Generated code: C:\Users\ADMIN\OneDrive\Documents\LABSTM32\REPORT_MCU_HCMUT\Buttons and Switches\Buttons and Switches\Core\Src\stm32f1xx_it.c
2023-10-06 08:38:56,020 [INFO] CodeEngine:239 - oldGeneratedFile, C:\Users\ADMIN\OneDrive\Documents\LABSTM32\REPORT_MCU_HCMUT\Buttons and Switches\Buttons and Switches\Core\Inc\stm32f1xx_it.h_save
2023-10-06 08:38:56,065 [INFO] CodeEngine:257 - Generated code: C:\Users\ADMIN\OneDrive\Documents\LABSTM32\REPORT_MCU_HCMUT\Buttons and Switches\Buttons and Switches\Core\Inc\stm32f1xx_it.h
2023-10-06 08:38:56,081 [INFO] CodeEngine:239 - oldGeneratedFile, C:\Users\ADMIN\OneDrive\Documents\LABSTM32\REPORT_MCU_HCMUT\Buttons and Switches\Buttons and Switches\Core\Src\stm32f1xx_hal_msp.c_save
2023-10-06 08:38:56,160 [INFO] CodeEngine:257 - Generated code: C:\Users\ADMIN\OneDrive\Documents\LABSTM32\REPORT_MCU_HCMUT\Buttons and Switches\Buttons and Switches\Core\Src\stm32f1xx_hal_msp.c
2023-10-06 08:38:56,180 [INFO] CodeEngine:239 - oldGeneratedFile, C:\Users\ADMIN\OneDrive\Documents\LABSTM32\REPORT_MCU_HCMUT\Buttons and Switches\Buttons and Switches\MXTmpFiles\system.tmp_save
2023-10-06 08:38:56,230 [INFO] CodeEngine:257 - Generated code: C:\Users\ADMIN\OneDrive\Documents\LABSTM32\REPORT_MCU_HCMUT\Buttons and Switches\Buttons and Switches\MXTmpFiles\system.tmp
2023-10-06 08:38:56,250 [INFO] CodeEngine:239 - oldGeneratedFile, C:\Users\ADMIN\OneDrive\Documents\LABSTM32\REPORT_MCU_HCMUT\Buttons and Switches\Buttons and Switches\Core\Inc\stm32f1xx_hal_conf.h_save
2023-10-06 08:38:56,321 [INFO] CodeEngine:257 - Generated code: C:\Users\ADMIN\OneDrive\Documents\LABSTM32\REPORT_MCU_HCMUT\Buttons and Switches\Buttons and Switches\Core\Inc\stm32f1xx_hal_conf.h
2023-10-06 08:38:56,350 [INFO] CodeEngine:239 - oldGeneratedFile, C:\Users\ADMIN\OneDrive\Documents\LABSTM32\REPORT_MCU_HCMUT\Buttons and Switches\Buttons and Switches\Core\Inc\main.h_save
2023-10-06 08:38:56,410 [INFO] CodeEngine:257 - Generated code: C:\Users\ADMIN\OneDrive\Documents\LABSTM32\REPORT_MCU_HCMUT\Buttons and Switches\Buttons and Switches\Core\Inc\main.h
2023-10-06 08:38:56,420 [INFO] CodeEngine:239 - oldGeneratedFile, C:\Users\ADMIN\OneDrive\Documents\LABSTM32\REPORT_MCU_HCMUT\Buttons and Switches\Buttons and Switches\Core\Src\main.c_save
2023-10-06 08:38:56,490 [INFO] CodeEngine:257 - Generated code: C:\Users\ADMIN\OneDrive\Documents\LABSTM32\REPORT_MCU_HCMUT\Buttons and Switches\Buttons and Switches\Core\Src\main.c
2023-10-06 08:38:57,031 [INFO] ProjectBuilder:2578 - Time for Copy HAL[1] : 131mS.
2023-10-06 08:38:57,040 [INFO] ProjectBuilder:3622 - Project Generator version: 3.14.1
2023-10-06 08:38:57,295 [INFO] ConfigFileManager:1271 - The Die is : DIE412
2023-10-06 08:38:58,391 [INFO] ProjectBuilder:3789 - Time for Generating toolchain IDE Files: 1351mS.
2023-10-06 08:38:58,391 [INFO] ProjectBuilder:2457 - Time for Copy CMSIS : 0mS.
2023-10-06 08:38:58,401 [INFO] ProjectBuilder:2457 - Time for Copy CMSIS : 0mS.
2023-10-06 08:39:16,215 [INFO] NvicIntPanel:96 - NVIC parent = com.st.microxplorer.plugins.ip.nvic.MultiNvicIntPanel[,0,0,0x0,invalid,layout=javax.swing.BoxLayout,alignmentX=0.0,alignmentY=0.0,border=,flags=9,maximumSize=,minimumSize=,preferredSize=]
2023-10-06 08:39:21,849 [INFO] NvicIntPanel:96 - NVIC parent = com.st.microxplorer.plugins.ip.nvic.MultiNvicIntPanel[,0,0,0x0,invalid,layout=javax.swing.BoxLayout,alignmentX=0.0,alignmentY=0.0,border=,flags=9,maximumSize=,minimumSize=,preferredSize=]
2023-10-06 08:39:40,200 [INFO] UtilMem:74 - End SaveConfig() Used Memory: 882601368 Bytes (1027604480)
2023-10-06 08:39:41,492 [INFO] UtilMem:74 - End SaveConfig() Used Memory: 747958952 Bytes (1027604480)
2023-10-06 08:39:41,890 [INFO] UtilMem:74 - End SaveConfig() Used Memory: 739315376 Bytes (1027604480)
2023-10-06 08:39:42,065 [INFO] BlockDiagram:2740 - set Specific Code input for plugin: NVIC
2023-10-06 08:39:42,065 [INFO] BlockDiagram:2740 - set Specific Code input for plugin: SYS
2023-10-06 08:39:42,065 [INFO] BlockDiagram:2740 - set Specific Code input for plugin: GPIO
2023-10-06 08:39:42,070 [INFO] BlockDiagram:2740 - set Specific Code input for plugin: RCC
2023-10-06 08:39:42,070 [INFO] BlockDiagram:2740 - set Specific Code input for plugin: TIM1_8F1
2023-10-06 08:39:42,072 [INFO] CodeGenerator:663 - code generatio: config db path: C:\ST\STM32CubeIDE_1.7.0\STM32CubeIDE\plugins\com.st.stm32cube.common.mx_6.3.0.202107141111\\db\
2023-10-06 08:39:42,240 [INFO] CodeEngine:239 - oldGeneratedFile, C:\Users\ADMIN\OneDrive\Documents\LABSTM32\REPORT_MCU_HCMUT\Buttons and Switches\Buttons and Switches\MXTmpFiles\license.tmp_save
2023-10-06 08:39:42,292 [INFO] CodeEngine:257 - Generated code: C:\Users\ADMIN\OneDrive\Documents\LABSTM32\REPORT_MCU_HCMUT\Buttons and Switches\Buttons and Switches\MXTmpFiles\license.tmp
2023-10-06 08:39:42,310 [INFO] CodeEngine:239 - oldGeneratedFile, C:\Users\ADMIN\OneDrive\Documents\LABSTM32\REPORT_MCU_HCMUT\Buttons and Switches\Buttons and Switches\MXTmpFiles\gpio.tmp_save
2023-10-06 08:39:42,350 [INFO] CodeEngine:257 - Generated code: C:\Users\ADMIN\OneDrive\Documents\LABSTM32\REPORT_MCU_HCMUT\Buttons and Switches\Buttons and Switches\MXTmpFiles\gpio.tmp
2023-10-06 08:39:42,422 [INFO] CodeEngine:239 - oldGeneratedFile, C:\Users\ADMIN\OneDrive\Documents\LABSTM32\REPORT_MCU_HCMUT\Buttons and Switches\Buttons and Switches\Core\Src\stm32f1xx_it.c_save
2023-10-06 08:39:42,515 [INFO] CodeEngine:257 - Generated code: C:\Users\ADMIN\OneDrive\Documents\LABSTM32\REPORT_MCU_HCMUT\Buttons and Switches\Buttons and Switches\Core\Src\stm32f1xx_it.c
2023-10-06 08:39:42,530 [INFO] CodeEngine:239 - oldGeneratedFile, C:\Users\ADMIN\OneDrive\Documents\LABSTM32\REPORT_MCU_HCMUT\Buttons and Switches\Buttons and Switches\Core\Inc\stm32f1xx_it.h_save
2023-10-06 08:39:42,582 [INFO] CodeEngine:257 - Generated code: C:\Users\ADMIN\OneDrive\Documents\LABSTM32\REPORT_MCU_HCMUT\Buttons and Switches\Buttons and Switches\Core\Inc\stm32f1xx_it.h
2023-10-06 08:39:42,614 [INFO] CodeEngine:239 - oldGeneratedFile, C:\Users\ADMIN\OneDrive\Documents\LABSTM32\REPORT_MCU_HCMUT\Buttons and Switches\Buttons and Switches\Core\Src\stm32f1xx_hal_msp.c_save
2023-10-06 08:39:42,685 [INFO] CodeEngine:257 - Generated code: C:\Users\ADMIN\OneDrive\Documents\LABSTM32\REPORT_MCU_HCMUT\Buttons and Switches\Buttons and Switches\Core\Src\stm32f1xx_hal_msp.c
2023-10-06 08:39:42,693 [INFO] CodeEngine:239 - oldGeneratedFile, C:\Users\ADMIN\OneDrive\Documents\LABSTM32\REPORT_MCU_HCMUT\Buttons and Switches\Buttons and Switches\MXTmpFiles\system.tmp_save
2023-10-06 08:39:42,730 [INFO] CodeEngine:257 - Generated code: C:\Users\ADMIN\OneDrive\Documents\LABSTM32\REPORT_MCU_HCMUT\Buttons and Switches\Buttons and Switches\MXTmpFiles\system.tmp
2023-10-06 08:39:42,750 [INFO] CodeEngine:239 - oldGeneratedFile, C:\Users\ADMIN\OneDrive\Documents\LABSTM32\REPORT_MCU_HCMUT\Buttons and Switches\Buttons and Switches\Core\Inc\stm32f1xx_hal_conf.h_save
2023-10-06 08:39:42,810 [INFO] CodeEngine:257 - Generated code: C:\Users\ADMIN\OneDrive\Documents\LABSTM32\REPORT_MCU_HCMUT\Buttons and Switches\Buttons and Switches\Core\Inc\stm32f1xx_hal_conf.h
2023-10-06 08:39:42,820 [WARN] IPConfigManager:3148 - IP not found : TIM
2023-10-06 08:39:42,820 [WARN] CodeGenerator:3268 - IP not found : null
2023-10-06 08:39:42,840 [INFO] CodeEngine:239 - oldGeneratedFile, C:\Users\ADMIN\OneDrive\Documents\LABSTM32\REPORT_MCU_HCMUT\Buttons and Switches\Buttons and Switches\Core\Inc\main.h_save
2023-10-06 08:39:42,884 [INFO] CodeEngine:257 - Generated code: C:\Users\ADMIN\OneDrive\Documents\LABSTM32\REPORT_MCU_HCMUT\Buttons and Switches\Buttons and Switches\Core\Inc\main.h
2023-10-06 08:39:42,893 [INFO] CodeEngine:239 - oldGeneratedFile, C:\Users\ADMIN\OneDrive\Documents\LABSTM32\REPORT_MCU_HCMUT\Buttons and Switches\Buttons and Switches\Core\Src\main.c_save
2023-10-06 08:39:42,975 [INFO] CodeEngine:257 - Generated code: C:\Users\ADMIN\OneDrive\Documents\LABSTM32\REPORT_MCU_HCMUT\Buttons and Switches\Buttons and Switches\Core\Src\main.c
2023-10-06 08:39:43,485 [INFO] ProjectBuilder:2578 - Time for Copy HAL[1] : 135mS.
2023-10-06 08:39:43,491 [INFO] ProjectBuilder:3622 - Project Generator version: 3.14.1
2023-10-06 08:39:43,730 [INFO] ConfigFileManager:1271 - The Die is : DIE412
2023-10-06 08:39:44,755 [INFO] ProjectBuilder:3789 - Time for Generating toolchain IDE Files: 1264mS.
2023-10-06 08:39:44,755 [INFO] ProjectBuilder:2457 - Time for Copy CMSIS : 0mS.
2023-10-06 08:39:44,765 [INFO] ProjectBuilder:2457 - Time for Copy CMSIS : 0mS.
2023-10-06 08:41:34,848 [INFO] UtilMem:74 - End SaveConfig() Used Memory: 744744544 Bytes (1049624576)
2023-10-06 08:41:42,410 [INFO] UtilMem:74 - End SaveConfig() Used Memory: 776515792 Bytes (1049624576)
2023-10-06 08:41:45,574 [INFO] UtilMem:74 - End SaveConfig() Used Memory: 766205016 Bytes (1049624576)
2023-10-06 08:41:45,734 [INFO] BlockDiagram:2740 - set Specific Code input for plugin: NVIC
2023-10-06 08:41:45,734 [INFO] BlockDiagram:2740 - set Specific Code input for plugin: SYS
2023-10-06 08:41:45,734 [INFO] BlockDiagram:2740 - set Specific Code input for plugin: GPIO
2023-10-06 08:41:45,734 [INFO] BlockDiagram:2740 - set Specific Code input for plugin: RCC
2023-10-06 08:41:45,734 [INFO] BlockDiagram:2740 - set Specific Code input for plugin: TIM1_8F1
2023-10-06 08:41:45,750 [INFO] CodeGenerator:663 - code generatio: config db path: C:\ST\STM32CubeIDE_1.7.0\STM32CubeIDE\plugins\com.st.stm32cube.common.mx_6.3.0.202107141111\\db\
2023-10-06 08:41:45,923 [INFO] CodeEngine:239 - oldGeneratedFile, C:\Users\ADMIN\OneDrive\Documents\LABSTM32\REPORT_MCU_HCMUT\Buttons and Switches\Buttons and Switches\MXTmpFiles\license.tmp_save
2023-10-06 08:41:45,970 [INFO] CodeEngine:257 - Generated code: C:\Users\ADMIN\OneDrive\Documents\LABSTM32\REPORT_MCU_HCMUT\Buttons and Switches\Buttons and Switches\MXTmpFiles\license.tmp
2023-10-06 08:41:45,985 [INFO] CodeEngine:239 - oldGeneratedFile, C:\Users\ADMIN\OneDrive\Documents\LABSTM32\REPORT_MCU_HCMUT\Buttons and Switches\Buttons and Switches\MXTmpFiles\gpio.tmp_save
2023-10-06 08:41:46,016 [INFO] CodeEngine:257 - Generated code: C:\Users\ADMIN\OneDrive\Documents\LABSTM32\REPORT_MCU_HCMUT\Buttons and Switches\Buttons and Switches\MXTmpFiles\gpio.tmp
2023-10-06 08:41:46,079 [INFO] CodeEngine:239 - oldGeneratedFile, C:\Users\ADMIN\OneDrive\Documents\LABSTM32\REPORT_MCU_HCMUT\Buttons and Switches\Buttons and Switches\Core\Src\stm32f1xx_it.c_save
2023-10-06 08:41:46,158 [INFO] CodeEngine:257 - Generated code: C:\Users\ADMIN\OneDrive\Documents\LABSTM32\REPORT_MCU_HCMUT\Buttons and Switches\Buttons and Switches\Core\Src\stm32f1xx_it.c
2023-10-06 08:41:46,173 [INFO] CodeEngine:239 - oldGeneratedFile, C:\Users\ADMIN\OneDrive\Documents\LABSTM32\REPORT_MCU_HCMUT\Buttons and Switches\Buttons and Switches\Core\Inc\stm32f1xx_it.h_save
2023-10-06 08:41:46,221 [INFO] CodeEngine:257 - Generated code: C:\Users\ADMIN\OneDrive\Documents\LABSTM32\REPORT_MCU_HCMUT\Buttons and Switches\Buttons and Switches\Core\Inc\stm32f1xx_it.h
2023-10-06 08:41:46,236 [INFO] CodeEngine:239 - oldGeneratedFile, C:\Users\ADMIN\OneDrive\Documents\LABSTM32\REPORT_MCU_HCMUT\Buttons and Switches\Buttons and Switches\Core\Src\stm32f1xx_hal_msp.c_save
2023-10-06 08:41:46,315 [INFO] CodeEngine:257 - Generated code: C:\Users\ADMIN\OneDrive\Documents\LABSTM32\REPORT_MCU_HCMUT\Buttons and Switches\Buttons and Switches\Core\Src\stm32f1xx_hal_msp.c
2023-10-06 08:41:46,315 [INFO] CodeEngine:239 - oldGeneratedFile, C:\Users\ADMIN\OneDrive\Documents\LABSTM32\REPORT_MCU_HCMUT\Buttons and Switches\Buttons and Switches\MXTmpFiles\system.tmp_save
2023-10-06 08:41:46,362 [INFO] CodeEngine:257 - Generated code: C:\Users\ADMIN\OneDrive\Documents\LABSTM32\REPORT_MCU_HCMUT\Buttons and Switches\Buttons and Switches\MXTmpFiles\system.tmp
2023-10-06 08:41:46,378 [INFO] CodeEngine:239 - oldGeneratedFile, C:\Users\ADMIN\OneDrive\Documents\LABSTM32\REPORT_MCU_HCMUT\Buttons and Switches\Buttons and Switches\Core\Inc\stm32f1xx_hal_conf.h_save
2023-10-06 08:41:46,425 [INFO] CodeEngine:257 - Generated code: C:\Users\ADMIN\OneDrive\Documents\LABSTM32\REPORT_MCU_HCMUT\Buttons and Switches\Buttons and Switches\Core\Inc\stm32f1xx_hal_conf.h
2023-10-06 08:41:46,441 [WARN] IPConfigManager:3148 - IP not found : TIM
2023-10-06 08:41:46,441 [WARN] CodeGenerator:3268 - IP not found : null
2023-10-06 08:41:46,456 [INFO] CodeEngine:239 - oldGeneratedFile, C:\Users\ADMIN\OneDrive\Documents\LABSTM32\REPORT_MCU_HCMUT\Buttons and Switches\Buttons and Switches\Core\Inc\main.h_save
2023-10-06 08:41:46,502 [INFO] CodeEngine:257 - Generated code: C:\Users\ADMIN\OneDrive\Documents\LABSTM32\REPORT_MCU_HCMUT\Buttons and Switches\Buttons and Switches\Core\Inc\main.h
2023-10-06 08:41:46,508 [INFO] CodeEngine:239 - oldGeneratedFile, C:\Users\ADMIN\OneDrive\Documents\LABSTM32\REPORT_MCU_HCMUT\Buttons and Switches\Buttons and Switches\Core\Src\main.c_save
2023-10-06 08:41:46,602 [INFO] CodeEngine:257 - Generated code: C:\Users\ADMIN\OneDrive\Documents\LABSTM32\REPORT_MCU_HCMUT\Buttons and Switches\Buttons and Switches\Core\Src\main.c
2023-10-06 08:41:47,215 [INFO] ProjectBuilder:2578 - Time for Copy HAL[1] : 205mS.
2023-10-06 08:41:47,230 [INFO] ProjectBuilder:3622 - Project Generator version: 3.14.1
2023-10-06 08:41:47,450 [INFO] ConfigFileManager:1271 - The Die is : DIE412
2023-10-06 08:41:48,488 [INFO] ProjectBuilder:3789 - Time for Generating toolchain IDE Files: 1258mS.
2023-10-06 08:41:48,488 [INFO] ProjectBuilder:2457 - Time for Copy CMSIS : 0mS.
2023-10-06 08:41:48,501 [INFO] ProjectBuilder:2457 - Time for Copy CMSIS : 0mS.
